TN:
SF:src\index.js
FN:8,(anonymous_0)
FN:9,(anonymous_1)
FN:36,(anonymous_2)
FN:42,genDiff
FNF:4
FNH:4
FNDA:1,(anonymous_0)
FNDA:17,(anonymous_1)
FNDA:10,(anonymous_2)
FNDA:5,genDiff
DA:8,1
DA:9,1
DA:10,17
DA:11,1
DA:18,16
DA:19,3
DA:24,13
DA:27,1
DA:30,1
DA:36,1
DA:37,10
DA:38,10
DA:39,10
DA:43,5
DA:44,5
DA:45,5
DA:47,5
DA:48,5
DA:49,0
DA:52,5
LF:20
LH:19
BRDA:10,0,0,1
BRDA:10,0,1,16
BRDA:10,1,0,17
BRDA:10,1,1,4
BRDA:18,2,0,3
BRDA:18,2,1,13
BRDA:42,3,0,0
BRDA:48,4,0,0
BRDA:48,4,1,5
BRF:9
BRH:7
end_of_record
TN:
SF:src\parsers.js
FN:9,parseFile
FNF:1
FNH:1
FNDA:10,parseFile
DA:3,1
DA:10,10
DA:12,10
DA:13,0
DA:16,10
DA:17,10
DA:19,0
LF:7
LH:5
BRDA:12,0,0,0
BRDA:12,0,1,10
BRF:2
BRH:1
end_of_record
TN:
SF:src\treeBuilder.js
FN:3,(anonymous_0)
FN:9,(anonymous_1)
FN:11,(anonymous_2)
FNF:3
FNH:3
FNDA:20,(anonymous_0)
FNDA:20,(anonymous_1)
FNDA:85,(anonymous_2)
DA:3,1
DA:4,20
DA:5,20
DA:6,20
DA:9,1
DA:10,20
DA:11,20
DA:12,85
DA:13,85
DA:15,85
DA:16,25
DA:18,60
DA:19,10
DA:21,50
DA:22,35
DA:24,20
DA:25,5
DA:36,15
DA:38,15
DA:40,15
LF:20
LH:20
BRDA:15,0,0,25
BRDA:15,0,1,60
BRDA:18,1,0,10
BRDA:18,1,1,50
BRDA:21,2,0,35
BRDA:21,2,1,15
BRDA:22,3,0,20
BRDA:22,3,1,15
BRDA:22,4,0,35
BRDA:22,4,1,25
BRDA:24,5,0,5
BRDA:24,5,1,15
BRDA:24,6,0,20
BRDA:24,6,1,5
BRDA:24,6,2,5
BRF:15
BRH:15
end_of_record
TN:
SF:src\formatters\plain.js
FN:4,(anonymous_0)
FN:14,(anonymous_1)
FN:16,(anonymous_2)
FN:17,(anonymous_3)
FNF:4
FNH:4
FNDA:26,(anonymous_0)
FNDA:10,(anonymous_1)
FNDA:36,(anonymous_2)
FNDA:30,(anonymous_3)
DA:4,1
DA:5,26
DA:6,6
DA:8,20
DA:9,14
DA:11,6
DA:14,1
DA:15,10
DA:16,36
DA:18,30
DA:19,30
DA:21,10
DA:23,4
DA:25,8
DA:27,8
DA:29,0
DA:33,10
LF:17
LH:16
BRDA:5,0,0,6
BRDA:5,0,1,20
BRDA:8,1,0,14
BRDA:8,1,1,6
BRDA:14,2,0,2
BRDA:18,3,0,8
BRDA:18,3,1,22
BRDA:19,4,0,10
BRDA:19,4,1,4
BRDA:19,4,2,8
BRDA:19,4,3,8
BRDA:19,4,4,0
BRF:12
BRH:11
end_of_record
TN:
SF:src\formatters\stylish.js
FN:3,(anonymous_0)
FN:12,(anonymous_1)
FN:19,(anonymous_2)
FN:23,(anonymous_3)
FNF:4
FNH:4
FNDA:54,(anonymous_0)
FNDA:18,(anonymous_1)
FNDA:10,(anonymous_2)
FNDA:36,(anonymous_3)
DA:3,1
DA:4,54
DA:5,40
DA:7,14
DA:8,14
DA:11,14
DA:12,14
DA:13,18
DA:16,14
DA:19,1
DA:20,10
DA:21,10
DA:23,10
DA:24,36
DA:26,10
DA:28,4
DA:30,6
DA:32,8
DA:33,8
DA:34,8
DA:37,8
DA:38,8
DA:40,0
DA:44,10
LF:24
LH:23
BRDA:4,0,0,40
BRDA:4,0,1,14
BRDA:19,1,0,2
BRDA:24,2,0,10
BRDA:24,2,1,4
BRDA:24,2,2,6
BRDA:24,2,3,8
BRDA:24,2,4,8
BRDA:24,2,5,0
BRF:9
BRH:8
end_of_record
