TN:
SF:gendiff.js
FN:15,(anonymous_0)
FNF:1
FNH:0
FNDA:0,(anonymous_0)
DA:7,1
DA:9,1
DA:16,0
DA:17,0
DA:18,0
DA:20,0
DA:21,0
DA:25,1
DA:26,0
LF:9
LH:3
BRDA:25,0,0,0
BRDA:25,0,1,1
BRF:2
BRH:1
end_of_record
TN:
SF:src\genDiff.js
FN:6,(anonymous_0)
FN:15,(anonymous_1)
FN:56,(anonymous_2)
FNF:3
FNH:3
FNDA:25,(anonymous_0)
FNDA:90,(anonymous_1)
FNDA:5,(anonymous_2)
DA:6,1
DA:8,25
DA:9,25
DA:13,25
DA:15,25
DA:16,90
DA:17,90
DA:19,90
DA:21,10
DA:24,80
DA:26,25
DA:29,55
DA:30,55
DA:33,55
DA:34,20
DA:42,35
DA:43,20
DA:52,15
DA:56,1
DA:57,5
DA:58,5
DA:60,5
DA:62,5
LF:23
LH:23
BRDA:19,0,0,10
BRDA:19,0,1,80
BRDA:24,1,0,25
BRDA:24,1,1,55
BRDA:33,2,0,20
BRDA:33,2,1,35
BRDA:33,3,0,55
BRDA:33,3,1,25
BRDA:42,4,0,20
BRDA:42,4,1,15
BRDA:56,5,0,0
BRF:11
BRH:10
end_of_record
TN:
SF:src\formatters\index.js
FN:5,(anonymous_0)
FNF:1
FNH:1
FNDA:5,(anonymous_0)
DA:5,1
DA:6,5
DA:8,2
DA:10,2
DA:12,1
DA:14,0
LF:6
LH:5
BRDA:6,0,0,2
BRDA:6,0,1,2
BRDA:6,0,2,1
BRDA:6,0,3,0
BRF:4
BRH:3
end_of_record
TN:
SF:src\formatters\plain.js
FN:4,(anonymous_0)
FN:14,(anonymous_1)
FN:16,(anonymous_2)
FN:17,(anonymous_3)
FNF:4
FNH:4
FNDA:26,(anonymous_0)
FNDA:10,(anonymous_1)
FNDA:36,(anonymous_2)
FNDA:30,(anonymous_3)
DA:4,1
DA:5,26
DA:6,6
DA:8,20
DA:9,14
DA:11,6
DA:14,1
DA:15,10
DA:16,36
DA:18,30
DA:19,30
DA:21,10
DA:23,4
DA:25,8
DA:27,8
DA:29,0
DA:33,10
LF:17
LH:16
BRDA:5,0,0,6
BRDA:5,0,1,20
BRDA:8,1,0,14
BRDA:8,1,1,6
BRDA:14,2,0,2
BRDA:18,3,0,8
BRDA:18,3,1,22
BRDA:19,4,0,10
BRDA:19,4,1,4
BRDA:19,4,2,8
BRDA:19,4,3,8
BRDA:19,4,4,0
BRF:12
BRH:11
end_of_record
TN:
SF:src\formatters\stylish.js
FN:3,(anonymous_0)
FN:12,(anonymous_1)
FN:19,(anonymous_2)
FN:23,(anonymous_3)
FNF:4
FNH:4
FNDA:54,(anonymous_0)
FNDA:18,(anonymous_1)
FNDA:10,(anonymous_2)
FNDA:36,(anonymous_3)
DA:3,1
DA:4,54
DA:5,40
DA:7,14
DA:8,14
DA:11,14
DA:12,14
DA:13,18
DA:16,14
DA:19,1
DA:20,10
DA:21,10
DA:23,10
DA:24,36
DA:26,10
DA:28,4
DA:30,6
DA:32,8
DA:33,8
DA:34,8
DA:37,8
DA:38,8
DA:40,0
DA:44,10
LF:24
LH:23
BRDA:4,0,0,40
BRDA:4,0,1,14
BRDA:19,1,0,2
BRDA:24,2,0,10
BRDA:24,2,1,4
BRDA:24,2,2,6
BRDA:24,2,3,8
BRDA:24,2,4,8
BRDA:24,2,5,0
BRF:9
BRH:8
end_of_record
TN:
SF:src\parsers\index.js
FN:6,(anonymous_0)
FNF:1
FNH:1
FNDA:10,(anonymous_0)
DA:6,1
DA:7,10
DA:8,10
DA:10,10
DA:12,6
DA:16,4
DA:18,0
LF:7
LH:6
BRDA:10,0,0,6
BRDA:10,0,1,4
BRDA:10,0,2,4
BRDA:10,0,3,0
BRF:4
BRH:3
end_of_record
